npm verb cli /usr/local/bin/node /usr/local/bin/npm
npm info using npm@9.8.1
npm info using node@v18.18.0
npm verb title npm install
npm verb argv "install" "--legacy-peer-deps" "--loglevel" "verbose"
npm verb logfile logs-max:10 dir:/Users/nuraikylychbekova/.npm/_logs/2023-12-13T02_18_34_986Z-
npm verb logfile /Users/nuraikylychbekova/.npm/_logs/2023-12-13T02_18_34_986Z-debug-0.log
npm http fetch GET 200 https://registry.npmjs.org/browserstack-cypress-cli 598ms (cache revalidated)
npm http fetch GET 200 https://registry.npmjs.org/cypress 62ms (cache revalidated)
npm http fetch GET 200 https://registry.npmjs.org/async 163ms (cache revalidated)
npm http fetch GET 200 https://registry.npmjs.org/update-notifier 276ms (cache revalidated)
npm http fetch GET 200 https://registry.npmjs.org/request 505ms (cache revalidated)
npm http fetch GET 200 https://registry.npmjs.org/table 505ms (cache revalidated)
npm http fetch GET 200 https://registry.npmjs.org/browserstack-local 509ms (cache revalidated)
npm http fetch GET 200 https://registry.npmjs.org/windows-release 506ms (cache revalidated)
npm http fetch GET 200 https://registry.npmjs.org/gitconfiglocal 509ms (cache revalidated)
npm http fetch GET 200 https://registry.npmjs.org/glob 508ms (cache revalidated)
npm http fetch GET 200 https://registry.npmjs.org/@cypress%2frequest 505ms (cache revalidated)
npm http fetch GET 200 https://registry.npmjs.org/@cypress%2fxvfb 506ms (cache revalidated)
npm http fetch GET 200 https://registry.npmjs.org/fs-extra 512ms (cache revalidated)
npm http fetch GET 200 https://registry.npmjs.org/uuid 509ms (cache revalidated)
npm http fetch GET 200 https://registry.npmjs.org/cli-progress 513ms (cache revalidated)
npm http fetch GET 200 https://registry.npmjs.org/archiver 514ms (cache revalidated)
npm http fetch GET 200 https://registry.npmjs.org/decompress 642ms (cache revalidated)
npm http fetch GET 200 https://registry.npmjs.org/yargs 643ms (cache revalidated)
npm http fetch GET 200 https://registry.npmjs.org/@types%2fsinonjs__fake-timers 644ms (cache revalidated)
npm http fetch GET 200 https://registry.npmjs.org/blob-util 644ms (cache revalidated)
npm http fetch GET 200 https://registry.npmjs.org/@types%2fsizzle 644ms (cache revalidated)
npm http fetch GET 200 https://registry.npmjs.org/cachedir 644ms (cache revalidated)
npm http fetch GET 200 https://registry.npmjs.org/arch 645ms (cache revalidated)
npm http fetch GET 200 https://registry.npmjs.org/common-tags 643ms (cache revalidated)
npm http fetch GET 200 https://registry.npmjs.org/getmac 652ms (cache revalidated)
npm http fetch GET 200 https://registry.npmjs.org/cli-table3 645ms (cache revalidated)
npm http fetch GET 200 https://registry.npmjs.org/buffer 647ms (cache revalidated)
npm http fetch GET 200 https://registry.npmjs.org/@types%2fnode 651ms (cache revalidated)
npm http fetch GET 200 https://registry.npmjs.org/requestretry 666ms (cache revalidated)
npm http fetch GET 200 https://registry.npmjs.org/chalk 662ms (cache revalidated)
npm http fetch GET 200 https://registry.npmjs.org/git-last-commit 670ms (cache revalidated)
npm http fetch GET 200 https://registry.npmjs.org/eventemitter2 840ms (cache revalidated)
npm http fetch GET 200 https://registry.npmjs.org/git-repo-info 850ms (cache revalidated)
npm http fetch GET 200 https://registry.npmjs.org/cli-cursor 842ms (cache revalidated)
npm http fetch GET 200 https://registry.npmjs.org/chalk 851ms (cache revalidated)
npm http fetch GET 200 https://registry.npmjs.org/bluebird 845ms (cache revalidated)
npm http fetch GET 200 https://registry.npmjs.org/mocha 851ms (cache revalidated)
npm http fetch GET 200 https://registry.npmjs.org/execa 845ms (cache revalidated)
npm http fetch GET 200 https://registry.npmjs.org/winston 852ms (cache revalidated)
npm http fetch GET 200 https://registry.npmjs.org/debug 846ms (cache revalidated)
npm http fetch GET 200 https://registry.npmjs.org/dayjs 847ms (cache revalidated)
npm http fetch GET 200 https://registry.npmjs.org/commander 848ms (cache revalidated)
npm http fetch GET 200 https://registry.npmjs.org/enquirer 848ms (cache revalidated)
npm http fetch GET 200 https://registry.npmjs.org/extract-zip 846ms (cache revalidated)
npm http fetch GET 200 https://registry.npmjs.org/check-more-types 850ms (cache revalidated)
npm http fetch GET 200 https://registry.npmjs.org/fs-extra 847ms (cache revalidated)
npm http fetch GET 200 https://registry.npmjs.org/executable 966ms (cache revalidated)
npm http fetch GET 200 https://registry.npmjs.org/minimist 963ms (cache revalidated)
npm http fetch GET 200 https://registry.npmjs.org/semver 963ms (cache revalidated)
npm http fetch GET 200 https://registry.npmjs.org/node-ipc 979ms (cache revalidated)
npm http fetch GET 200 https://registry.npmjs.org/mkdirp 979ms (cache revalidated)
npm http fetch GET 200 https://registry.npmjs.org/tmp 964ms (cache revalidated)
npm http fetch GET 200 https://registry.npmjs.org/figures 970ms (cache revalidated)
npm http fetch GET 200 https://registry.npmjs.org/proxy-from-env 966ms (cache revalidated)
npm http fetch GET 200 https://registry.npmjs.org/request-progress 966ms (cache revalidated)
npm http fetch GET 200 https://registry.npmjs.org/getos 970ms (cache revalidated)
npm http fetch GET 200 https://registry.npmjs.org/pretty-bytes 966ms (cache revalidated)
npm http fetch GET 200 https://registry.npmjs.org/lazy-ass 969ms (cache revalidated)
npm http fetch GET 200 https://registry.npmjs.org/process 967ms (cache revalidated)
npm http fetch GET 200 https://registry.npmjs.org/ospath 1076ms (cache revalidated)
npm http fetch GET 200 https://registry.npmjs.org/supports-color 1073ms (cache revalidated)
npm http fetch GET 200 https://registry.npmjs.org/listr2 1078ms (cache revalidated)
npm http fetch GET 200 https://registry.npmjs.org/log-symbols 1082ms (cache revalidated)
npm http fetch GET 200 https://registry.npmjs.org/is-installed-globally 1083ms (cache revalidated)
npm http fetch GET 200 https://registry.npmjs.org/lodash 1082ms (cache revalidated)
npm http fetch GET 200 https://registry.npmjs.org/yauzl 1079ms (cache revalidated)
npm http fetch GET 200 https://registry.npmjs.org/is-ci 1165ms (cache revalidated)
npm http fetch GET 200 https://registry.npmjs.org/untildify 1249ms (cache revalidated)
npm http fetch GET 200 https://registry.npmjs.org/archiver-utils 120ms (cache revalidated)
npm http fetch GET 200 https://registry.npmjs.org/tar-stream 120ms (cache revalidated)
npm http fetch GET 200 https://registry.npmjs.org/string-width 143ms (cache revalidated)
npm http fetch GET 200 https://registry.npmjs.org/pify 151ms (cache revalidated)
npm http fetch GET 200 https://registry.npmjs.org/path-is-absolute 145ms (cache revalidated)
npm http fetch GET 200 https://registry.npmjs.org/ansi-styles 153ms (cache revalidated)
npm http fetch GET 200 https://registry.npmjs.org/buffer-crc32 157ms (cache revalidated)
npm http fetch GET 200 https://registry.npmjs.org/decompress-tar 153ms (cache revalidated)
npm http fetch GET 200 https://registry.npmjs.org/once 146ms (cache revalidated)
npm http fetch GET 200 https://registry.npmjs.org/graceful-fs 151ms (cache revalidated)
npm http fetch GET 200 https://registry.npmjs.org/decompress-targz 153ms (cache revalidated)
npm http fetch GET 200 https://registry.npmjs.org/universalify 151ms (cache revalidated)
npm http fetch GET 200 https://registry.npmjs.org/agent-base 155ms (cache revalidated)
npm http fetch GET 200 https://registry.npmjs.org/decompress-unzip 183ms (cache revalidated)
npm http fetch GET 200 https://registry.npmjs.org/ini 180ms (cache revalidated)
npm http fetch GET 200 https://registry.npmjs.org/graceful-fs 199ms (cache revalidated)
npm http fetch GET 200 https://registry.npmjs.org/inflight 196ms (cache revalidated)
npm http fetch GET 200 https://registry.npmjs.org/ansi-colors 215ms (cache revalidated)
npm http fetch GET 200 https://registry.npmjs.org/minimatch 213ms (cache revalidated)
npm http fetch GET 200 https://registry.npmjs.org/strip-dirs 223ms (cache revalidated)
npm http fetch GET 200 https://registry.npmjs.org/minimatch 229ms (cache revalidated)
npm http fetch GET 200 https://registry.npmjs.org/browser-stdout 228ms (cache revalidated)
npm http fetch GET 200 https://registry.npmjs.org/jsonfile 234ms (cache revalidated)
npm http fetch GET 200 https://registry.npmjs.org/make-dir 236ms (cache revalidated)
npm http fetch GET 200 https://registry.npmjs.org/is-running 239ms (cache revalidated)
npm http fetch GET 200 https://registry.npmjs.org/zip-stream 244ms (cache revalidated)
npm http fetch GET 200 https://registry.npmjs.org/js-yaml 240ms (cache revalidated)
npm http fetch GET 200 https://registry.npmjs.org/fs.realpath 246ms (cache revalidated)
npm http fetch GET 200 https://registry.npmjs.org/ms 243ms (cache revalidated)
npm http fetch GET 200 https://registry.npmjs.org/inherits 248ms (cache revalidated)
npm http fetch GET 200 https://registry.npmjs.org/serialize-javascript 278ms (cache revalidated)
npm http fetch GET 200 https://registry.npmjs.org/he 280ms (cache revalidated)
npm http fetch GET 200 https://registry.npmjs.org/yargs-parser 281ms (cache revalidated)
npm http fetch GET 200 https://registry.npmjs.org/workerpool 282ms (cache revalidated)
npm http fetch GET 200 https://registry.npmjs.org/strip-json-comments 283ms (cache revalidated)
npm http fetch GET 200 https://registry.npmjs.org/yargs-unparser 282ms (cache revalidated)
npm http fetch GET 200 https://registry.npmjs.org/nanoid 284ms (cache revalidated)
npm http fetch GET 200 https://registry.npmjs.org/chokidar 286ms (cache revalidated)
npm http fetch GET 200 https://registry.npmjs.org/js-queue 283ms (cache revalidated)
npm http fetch GET 200 https://registry.npmjs.org/ps-tree 332ms (cache revalidated)
npm http fetch GET 200 https://registry.npmjs.org/decompress-tarbz2 330ms (cache revalidated)
npm http fetch GET 200 https://registry.npmjs.org/aws-sign2 318ms (cache revalidated)
npm http fetch GET 200 https://registry.npmjs.org/readdir-glob 363ms (cache revalidated)
npm http fetch GET 200 https://registry.npmjs.org/combined-stream 347ms (cache revalidated)
npm http fetch GET 200 https://registry.npmjs.org/http-signature 377ms (cache revalidated)
npm http fetch GET 200 https://registry.npmjs.org/find-up 383ms (cache revalidated)
npm http fetch GET 200 https://registry.npmjs.org/temp-fs 394ms (cache revalidated)
npm http fetch GET 200 https://registry.npmjs.org/forever-agent 379ms (cache revalidated)
npm http fetch GET 200 https://registry.npmjs.org/oauth-sign 376ms (cache revalidated)
npm http fetch GET 200 https://registry.npmjs.org/diff 385ms (cache revalidated)
npm http fetch GET 200 https://registry.npmjs.org/escape-string-regexp 384ms (cache revalidated)
npm http fetch GET 200 https://registry.npmjs.org/safe-buffer 376ms (cache revalidated)
npm http fetch GET 200 https://registry.npmjs.org/https-proxy-agent 412ms (cache revalidated)
npm http fetch GET 200 https://registry.npmjs.org/aws4 398ms (cache revalidated)
npm http fetch GET 200 https://registry.npmjs.org/qs 394ms (cache revalidated)
npm http fetch GET 200 https://registry.npmjs.org/json-stringify-safe 408ms (cache revalidated)
npm http fetch GET 200 https://registry.npmjs.org/isstream 518ms (cache revalidated)
npm http fetch GET 200 https://registry.npmjs.org/form-data 519ms (cache revalidated)
npm http fetch GET 200 https://registry.npmjs.org/tough-cookie 518ms (cache revalidated)
npm http fetch GET 200 https://registry.npmjs.org/extend 517ms (cache revalidated)
npm http fetch GET 200 https://registry.npmjs.org/is-typedarray 530ms (cache revalidated)
npm http fetch GET 200 https://registry.npmjs.org/tunnel-agent 528ms (cache revalidated)
npm http fetch GET 200 https://registry.npmjs.org/mime-types 530ms (cache revalidated)
npm http fetch GET 200 https://registry.npmjs.org/configstore 527ms (cache revalidated)
npm http fetch GET 200 https://registry.npmjs.org/string-width 528ms (cache revalidated)
npm http fetch GET 200 https://registry.npmjs.org/extend 534ms (cache revalidated)
npm http fetch GET 200 https://registry.npmjs.org/performance-now 531ms (cache revalidated)
npm http fetch GET 200 https://registry.npmjs.org/ajv 529ms (cache revalidated)
npm http fetch GET 200 https://registry.npmjs.org/event-pubsub 545ms (cache revalidated)
npm http fetch GET 200 https://registry.npmjs.org/semver-diff 582ms (cache revalidated)
npm http fetch GET 200 https://registry.npmjs.org/get-caller-file 579ms (cache revalidated)
npm http fetch GET 200 https://registry.npmjs.org/latest-version 624ms (cache revalidated)
npm http fetch GET 200 https://registry.npmjs.org/stack-trace 621ms (cache revalidated)
npm http fetch GET 200 https://registry.npmjs.org/import-lazy 626ms (cache revalidated)
npm http fetch GET 200 https://registry.npmjs.org/har-validator 633ms (cache revalidated)
npm http fetch GET 200 https://registry.npmjs.org/has-yarn 628ms (cache revalidated)
npm http fetch GET 200 https://registry.npmjs.org/colors 627ms (cache revalidated)
npm http fetch GET 200 https://registry.npmjs.org/is-npm 629ms (cache revalidated)
npm http fetch GET 200 https://registry.npmjs.org/slice-ansi 630ms (cache revalidated)
npm http fetch GET 200 https://registry.npmjs.org/set-blocking 623ms (cache revalidated)
npm http fetch GET 200 https://registry.npmjs.org/xdg-basedir 628ms (cache revalidated)
npm http fetch GET 200 https://registry.npmjs.org/yargs-parser 763ms (cache revalidated)
npm http fetch GET 200 https://registry.npmjs.org/js-message 779ms (cache revalidated)
npm http fetch GET 200 https://registry.npmjs.org/require-main-filename 765ms (cache revalidated)
npm http fetch GET 200 https://registry.npmjs.org/boxen 772ms (cache revalidated)
npm http fetch GET 200 https://registry.npmjs.org/find-up 811ms (cache revalidated)
npm http fetch GET 200 https://registry.npmjs.org/caseless 823ms (cache revalidated)
npm http fetch GET 200 https://registry.npmjs.org/pupa 816ms (cache revalidated)
npm http fetch GET 200 https://registry.npmjs.org/y18n 812ms (cache revalidated)
npm http fetch GET 200 https://registry.npmjs.org/eyes 816ms (cache revalidated)
npm http fetch GET 200 https://registry.npmjs.org/require-directory 813ms (cache revalidated)
npm http fetch GET 200 https://registry.npmjs.org/decamelize 814ms (cache revalidated)
npm http fetch GET 200 https://registry.npmjs.org/cliui 814ms (cache revalidated)
npm http fetch GET 200 https://registry.npmjs.org/readable-stream 843ms (cache revalidated)
npm http fetch GET 200 https://registry.npmjs.org/isstream 817ms (cache revalidated)
npm http fetch GET 200 https://registry.npmjs.org/cycle 818ms (cache revalidated)
npm http fetch GET 200 https://registry.npmjs.org/which-module 840ms (cache revalidated)
npm http fetch GET 200 https://registry.npmjs.org/is-yarn-global 846ms (cache revalidated)
npm http fetch GET 200 https://registry.npmjs.org/lodash.difference 99ms (cache revalidated)
npm http fetch GET 200 https://registry.npmjs.org/lodash.isplainobject 99ms (cache revalidated)
npm http fetch GET 200 https://registry.npmjs.org/string_decoder 99ms (cache revalidated)
npm http fetch GET 200 https://registry.npmjs.org/lazystream 102ms (cache revalidated)
npm http fetch GET 200 https://registry.npmjs.org/lodash.union 101ms (cache revalidated)
npm http fetch GET 200 https://registry.npmjs.org/end-of-stream 99ms (cache revalidated)
npm http fetch GET 200 https://registry.npmjs.org/bl 99ms (cache revalidated)
npm http fetch GET 200 https://registry.npmjs.org/lodash.defaults 102ms (cache revalidated)
npm http fetch GET 200 https://registry.npmjs.org/fs-constants 100ms (cache revalidated)
npm http fetch GET 200 https://registry.npmjs.org/util-deprecate 101ms (cache revalidated)
npm http fetch GET 200 https://registry.npmjs.org/normalize-path 128ms (cache revalidated)
npm http fetch GET 200 https://registry.npmjs.org/compress-commons 530ms (cache revalidated)
npm http fetch GET 200 https://registry.npmjs.org/lodash.flatten 534ms (cache revalidated)
npm http fetch GET 200 https://registry.npmjs.org/isarray 261ms (cache revalidated)
npm http fetch GET 200 https://registry.npmjs.org/core-util-is 261ms (cache revalidated)
npm http fetch GET 200 https://registry.npmjs.org/process-nextick-args 307ms (cache revalidated)
npm http fetch GET 200 https://registry.npmjs.org/event-stream 84ms (cache revalidated)
npm http fetch GET 200 https://registry.npmjs.org/rimraf 85ms (cache revalidated)
npm http fetch GET 200 https://registry.npmjs.org/has-flag 55ms (cache revalidated)
npm http fetch GET 200 https://registry.npmjs.org/color-convert 107ms (cache revalidated)
npm http fetch GET 200 https://registry.npmjs.org/color-name 111ms (cache revalidated)
npm http fetch GET 200 https://registry.npmjs.org/is-fullwidth-code-point 160ms (cache revalidated)
npm http fetch GET 200 https://registry.npmjs.org/emoji-regex 160ms (cache revalidated)
npm http fetch GET 200 https://registry.npmjs.org/strip-ansi 160ms (cache revalidated)
npm http fetch GET 200 https://registry.npmjs.org/lodash.once 252ms (cache revalidated)
npm http fetch GET 200 https://registry.npmjs.org/is-path-inside 242ms (cache revalidated)
npm http fetch GET 200 https://registry.npmjs.org/is-stream 248ms (cache revalidated)
npm http fetch GET 200 https://registry.npmjs.org/get-stream 250ms (cache revalidated)
npm http fetch GET 200 https://registry.npmjs.org/get-stream 247ms (cache revalidated)
npm http fetch GET 200 https://registry.npmjs.org/npm-run-path 249ms (cache revalidated)
npm http fetch GET 200 https://registry.npmjs.org/restore-cursor 252ms (cache revalidated)
npm http fetch GET 200 https://registry.npmjs.org/base64-js 253ms (cache revalidated)
npm http fetch GET 200 https://registry.npmjs.org/onetime 248ms (cache revalidated)
npm http fetch GET 200 https://registry.npmjs.org/undici-types 255ms (cache revalidated)
npm http fetch GET 200 https://registry.npmjs.org/strip-final-newline 249ms (cache revalidated)
npm http fetch GET 200 https://registry.npmjs.org/ieee754 254ms (cache revalidated)
npm http fetch GET 200 https://registry.npmjs.org/@types%2fyauzl 248ms (cache revalidated)
npm http fetch GET 200 https://registry.npmjs.org/cli-truncate 246ms (cache revalidated)
npm http fetch GET 200 https://registry.npmjs.org/cross-spawn 252ms (cache revalidated)
npm http fetch GET 200 https://registry.npmjs.org/merge-stream 398ms (cache revalidated)
npm http fetch GET 200 https://registry.npmjs.org/rfdc 392ms (cache revalidated)
npm http fetch GET 200 https://registry.npmjs.org/through 391ms (cache revalidated)
npm http fetch GET 200 https://registry.npmjs.org/global-dirs 396ms (cache revalidated)
npm http fetch GET 200 https://registry.npmjs.org/is-unicode-supported 394ms (cache revalidated)
npm http fetch GET 200 https://registry.npmjs.org/human-signals 402ms (cache revalidated)
npm http fetch GET 200 https://registry.npmjs.org/at-least-node 398ms (cache revalidated)
npm http fetch GET 200 https://registry.npmjs.org/ci-info 398ms (cache revalidated)
npm http fetch GET 200 https://registry.npmjs.org/wrap-ansi 395ms (cache revalidated)
npm http fetch GET 200 https://registry.npmjs.org/rxjs 397ms (cache revalidated)
npm http fetch GET 200 https://registry.npmjs.org/colorette 399ms (cache revalidated)
npm http fetch GET 200 https://registry.npmjs.org/throttleit 397ms (cache revalidated)
npm http fetch GET 200 https://registry.npmjs.org/p-map 399ms (cache revalidated)
npm http fetch GET 200 https://registry.npmjs.org/signal-exit 404ms (cache revalidated)
npm http fetch GET 200 https://registry.npmjs.org/@colors%2fcolors 408ms (cache revalidated)
npm http fetch GET 200 https://registry.npmjs.org/lru-cache 531ms (cache revalidated)
npm http fetch GET 200 https://registry.npmjs.org/log-update 535ms (cache revalidated)
npm http fetch GET 200 https://registry.npmjs.org/fd-slicer 531ms (cache revalidated)
npm http fetch GET 200 https://registry.npmjs.org/url-parse 248ms (cache revalidated)
npm http fetch GET 200 https://registry.npmjs.org/jsprim 250ms (cache revalidated)
npm http fetch GET 200 https://registry.npmjs.org/assert-plus 251ms (cache revalidated)
npm http fetch GET 200 https://registry.npmjs.org/sshpk 251ms (cache revalidated)
npm http fetch GET 200 https://registry.npmjs.org/psl 249ms (cache revalidated)
npm http fetch GET 200 https://registry.npmjs.org/asynckit 253ms (cache revalidated)
npm http fetch GET 200 https://registry.npmjs.org/delayed-stream 254ms (cache revalidated)
npm http fetch GET 200 https://registry.npmjs.org/side-channel 251ms (cache revalidated)
npm http fetch GET 200 https://registry.npmjs.org/punycode 250ms (cache revalidated)
npm http fetch GET 200 https://registry.npmjs.org/mime-db 261ms (cache revalidated)
npm http fetch GET 200 https://registry.npmjs.org/file-type 89ms (cache revalidated)
npm http fetch GET 200 https://registry.npmjs.org/unbzip2-stream 89ms (cache revalidated)
npm http fetch GET 200 https://registry.npmjs.org/file-type 130ms (cache revalidated)
npm http fetch GET 200 https://registry.npmjs.org/file-type 133ms (cache revalidated)
npm http fetch GET 200 https://registry.npmjs.org/is-natural-number 131ms (cache revalidated)
npm http fetch GET 200 https://registry.npmjs.org/seek-bzip 318ms (cache revalidated)
npm http fetch GET 200 https://registry.npmjs.org/xtend 57ms (cache revalidated)
npm http fetch GET 200 https://registry.npmjs.org/to-buffer 79ms (cache revalidated)
npm http fetch GET 200 https://registry.npmjs.org/buffer-alloc 79ms (cache revalidated)
npm http fetch GET 200 https://registry.npmjs.org/pinkie-promise 74ms (cache revalidated)
npm http fetch GET 200 https://registry.npmjs.org/object-assign 74ms (cache revalidated)
npm http fetch GET 200 https://registry.npmjs.org/ansi-regex 81ms (cache revalidated)
npm http fetch GET 200 https://registry.npmjs.org/path-key 96ms (cache revalidated)
npm http fetch GET 200 https://registry.npmjs.org/shebang-command 99ms (cache revalidated)
npm http fetch GET 200 https://registry.npmjs.org/path-key 99ms (cache revalidated)
npm http fetch GET 200 https://registry.npmjs.org/pump 98ms (cache revalidated)
npm http fetch GET 200 https://registry.npmjs.org/mimic-fn 97ms (cache revalidated)
npm http fetch GET 200 https://registry.npmjs.org/which 99ms (cache revalidated)
npm http fetch GET 200 https://registry.npmjs.org/isexe 56ms (cache revalidated)
npm http fetch GET 200 https://registry.npmjs.org/shebang-regex 58ms (cache revalidated)
npm http fetch GET 200 https://registry.npmjs.org/pinkie 116ms (cache revalidated)
npm http fetch GET 200 https://registry.npmjs.org/wrappy 53ms (cache revalidated)
npm http fetch GET 200 https://registry.npmjs.org/brace-expansion 67ms (cache revalidated)
npm http fetch GET 200 https://registry.npmjs.org/ecc-jsbn 51ms (cache revalidated)
npm http fetch GET 200 https://registry.npmjs.org/tweetnacl 51ms (cache revalidated)
npm http fetch GET 200 https://registry.npmjs.org/json-schema 85ms (cache revalidated)
npm http fetch GET 200 https://registry.npmjs.org/bcrypt-pbkdf 83ms (cache revalidated)
npm http fetch GET 200 https://registry.npmjs.org/safer-buffer 84ms (cache revalidated)
npm http fetch GET 200 https://registry.npmjs.org/jsbn 84ms (cache revalidated)
npm http fetch GET 200 https://registry.npmjs.org/dashdash 85ms (cache revalidated)
npm http fetch GET 200 https://registry.npmjs.org/asn1 85ms (cache revalidated)
npm http fetch GET 200 https://registry.npmjs.org/getpass 102ms (cache revalidated)
npm http fetch GET 200 https://registry.npmjs.org/verror 102ms (cache revalidated)
npm http fetch GET 200 https://registry.npmjs.org/extsprintf 103ms (cache revalidated)
npm http fetch GET 200 https://registry.npmjs.org/tslib 62ms (cache revalidated)
npm http fetch GET 200 https://registry.npmjs.org/ansi-escapes 64ms (cache revalidated)
npm http fetch GET 200 https://registry.npmjs.org/aggregate-error 64ms (cache revalidated)
npm http fetch GET 200 https://registry.npmjs.org/astral-regex 54ms (cache revalidated)
npm http fetch GET 200 https://registry.npmjs.org/type-fest 229ms (cache revalidated)
npm http fetch GET 200 https://registry.npmjs.org/concat-map 67ms (cache revalidated)
npm http fetch GET 200 https://registry.npmjs.org/balanced-match 75ms (cache revalidated)
npm http fetch GET 200 https://registry.npmjs.org/is-binary-path 124ms (cache revalidated)
npm http fetch GET 200 https://registry.npmjs.org/path-exists 123ms (cache revalidated)
npm http fetch GET 200 https://registry.npmjs.org/locate-path 170ms (cache revalidated)
npm http fetch GET 200 https://registry.npmjs.org/readdirp 172ms (cache revalidated)
npm http fetch GET 200 https://registry.npmjs.org/braces 173ms (cache revalidated)
npm http fetch GET 200 https://registry.npmjs.org/flat 168ms (cache revalidated)
npm http fetch GET 200 https://registry.npmjs.org/anymatch 175ms (cache revalidated)
npm http fetch GET 200 https://registry.npmjs.org/randombytes 171ms (cache revalidated)
npm http fetch GET 200 https://registry.npmjs.org/camelcase 171ms (cache revalidated)
npm http fetch GET 200 https://registry.npmjs.org/escalade 171ms (cache revalidated)
npm http fetch GET 200 https://registry.npmjs.org/is-glob 175ms (cache revalidated)
npm http fetch GET 200 https://registry.npmjs.org/glob-parent 176ms (cache revalidated)
npm http fetch GET 200 https://registry.npmjs.org/is-plain-obj 171ms (cache revalidated)
npm http fetch GET 200 https://registry.npmjs.org/fsevents 175ms (cache revalidated)
npm http fetch GET 200 https://registry.npmjs.org/argparse 175ms (cache revalidated)
npm http fetch GET 200 https://registry.npmjs.org/picomatch 98ms (cache revalidated)
npm http fetch GET 200 https://registry.npmjs.org/picomatch 106ms (cache revalidated)
npm http fetch GET 200 https://registry.npmjs.org/binary-extensions 104ms (cache revalidated)
npm http fetch GET 200 https://registry.npmjs.org/is-extglob 104ms (cache revalidated)
npm http fetch GET 200 https://registry.npmjs.org/fill-range 105ms (cache revalidated)
npm http fetch GET 200 https://registry.npmjs.org/to-regex-range 83ms (cache revalidated)
npm http fetch GET 200 https://registry.npmjs.org/is-number 41ms (cache revalidated)
npm http fetch GET 200 https://registry.npmjs.org/p-locate 60ms (cache revalidated)
npm http fetch GET 200 https://registry.npmjs.org/p-limit 51ms (cache revalidated)
npm http fetch GET 200 https://registry.npmjs.org/easy-stack 327ms (cache revalidated)
npm http fetch GET 200 https://registry.npmjs.org/yocto-queue 63ms (cache revalidated)
npm http fetch GET 200 https://registry.npmjs.org/clean-stack 86ms (cache revalidated)
npm http fetch GET 200 https://registry.npmjs.org/indent-string 144ms (cache revalidated)
npm http fetch GET 200 https://registry.npmjs.org/map-stream 74ms (cache revalidated)
npm http fetch GET 200 https://registry.npmjs.org/stream-combiner 96ms (cache revalidated)
npm http fetch GET 200 https://registry.npmjs.org/duplexer 105ms (cache revalidated)
npm http fetch GET 200 https://registry.npmjs.org/from 105ms (cache revalidated)
npm http fetch GET 200 https://registry.npmjs.org/split 303ms (cache revalidated)
npm http fetch GET 200 https://registry.npmjs.org/pause-stream 317ms (cache revalidated)
npm http fetch GET 200 https://registry.npmjs.org/object-inspect 50ms (cache revalidated)
npm http fetch GET 200 https://registry.npmjs.org/get-intrinsic 54ms (cache revalidated)
npm http fetch GET 200 https://registry.npmjs.org/call-bind 97ms (cache revalidated)
npm http fetch GET 200 https://registry.npmjs.org/har-schema 56ms (cache revalidated)
npm http fetch GET 200 https://registry.npmjs.org/fast-json-stable-stringify 79ms (cache revalidated)
npm http fetch GET 200 https://registry.npmjs.org/json-schema-traverse 79ms (cache revalidated)
npm http fetch GET 200 https://registry.npmjs.org/uri-js 79ms (cache revalidated)
npm http fetch GET 200 https://registry.npmjs.org/fast-deep-equal 80ms (cache revalidated)
npm http fetch GET 200 https://registry.npmjs.org/yallist 117ms (cache revalidated)
npm http fetch GET 200 https://registry.npmjs.org/function-bind 82ms (cache revalidated)
npm http fetch GET 200 https://registry.npmjs.org/has-symbols 81ms (cache revalidated)
npm http fetch GET 200 https://registry.npmjs.org/hasown 82ms (cache revalidated)
npm http fetch GET 200 https://registry.npmjs.org/has-proto 83ms (cache revalidated)
npm http fetch GET 200 https://registry.npmjs.org/set-function-length 83ms (cache revalidated)
npm http fetch GET 200 https://registry.npmjs.org/has-property-descriptors 82ms (cache revalidated)
npm http fetch GET 200 https://registry.npmjs.org/gopd 83ms (cache revalidated)
npm http fetch GET 200 https://registry.npmjs.org/define-data-property 85ms (cache revalidated)
npm http fetch GET 200 https://registry.npmjs.org/requires-port 68ms (cache revalidated)
npm http fetch GET 200 https://registry.npmjs.org/querystringify 69ms (cache revalidated)
npm http fetch GET 200 https://registry.npmjs.org/unique-string 54ms (cache revalidated)
npm http fetch GET 200 https://registry.npmjs.org/widest-line 55ms (cache revalidated)
npm http fetch GET 200 https://registry.npmjs.org/cli-boxes 55ms (cache revalidated)
npm http fetch GET 200 https://registry.npmjs.org/ansi-align 57ms (cache revalidated)
npm http fetch GET 200 https://registry.npmjs.org/write-file-atomic 55ms (cache revalidated)
npm http fetch GET 200 https://registry.npmjs.org/package-json 56ms (cache revalidated)
npm http fetch GET 200 https://registry.npmjs.org/dot-prop 83ms (cache revalidated)
npm http fetch GET 200 https://registry.npmjs.org/escape-goat 80ms (cache revalidated)
npm http fetch GET 200 https://registry.npmjs.org/imurmurhash 61ms (cache revalidated)
npm http fetch GET 200 https://registry.npmjs.org/typedarray-to-buffer 61ms (cache revalidated)
npm http fetch GET 200 https://registry.npmjs.org/is-obj 74ms (cache revalidated)
npm http fetch GET 200 https://registry.npmjs.org/crypto-random-string 74ms (cache revalidated)
npm http fetch GET 200 https://registry.npmjs.org/registry-url 91ms (cache revalidated)
npm http fetch GET 200 https://registry.npmjs.org/registry-auth-token 92ms (cache revalidated)
npm http fetch GET 200 https://registry.npmjs.org/got 92ms (cache revalidated)
npm http fetch GET 200 https://registry.npmjs.org/duplexer3 86ms (cache revalidated)
npm http fetch GET 200 https://registry.npmjs.org/decompress-response 88ms (cache revalidated)
npm http fetch GET 200 https://registry.npmjs.org/mimic-response 87ms (cache revalidated)
npm http fetch GET 200 https://registry.npmjs.org/to-readable-stream 87ms (cache revalidated)
npm http fetch GET 200 https://registry.npmjs.org/rc 165ms (cache revalidated)
npm http fetch GET 200 https://registry.npmjs.org/url-parse-lax 165ms (cache revalidated)
npm http fetch GET 200 https://registry.npmjs.org/cacheable-request 167ms (cache revalidated)
npm http fetch GET 200 https://registry.npmjs.org/rc 210ms (cache revalidated)
npm http fetch GET 200 https://registry.npmjs.org/@sindresorhus%2fis 213ms (cache revalidated)
npm http fetch GET 200 https://registry.npmjs.org/p-cancelable 212ms (cache revalidated)
npm http fetch GET 200 https://registry.npmjs.org/lowercase-keys 212ms (cache revalidated)
npm http fetch GET 200 https://registry.npmjs.org/@szmarczak%2fhttp-timer 213ms (cache revalidated)
npm http fetch GET 200 https://registry.npmjs.org/responselike 112ms (cache revalidated)
npm http fetch GET 200 https://registry.npmjs.org/defer-to-connect 114ms (cache revalidated)
npm http fetch GET 200 https://registry.npmjs.org/clone-response 113ms (cache revalidated)
npm http fetch GET 200 https://registry.npmjs.org/http-cache-semantics 113ms (cache revalidated)
npm http fetch GET 200 https://registry.npmjs.org/keyv 120ms (cache revalidated)
npm http fetch GET 200 https://registry.npmjs.org/prepend-http 119ms (cache revalidated)
npm http fetch GET 200 https://registry.npmjs.org/normalize-url 121ms (cache revalidated)
npm http fetch GET 200 https://registry.npmjs.org/json-buffer 77ms (cache revalidated)
npm http fetch GET 200 https://registry.npmjs.org/deep-extend 91ms (cache revalidated)
npm http fetch GET 200 https://registry.npmjs.org/pend 100ms (cache revalidated)
npm http fetch GET 200 https://registry.npmjs.org/crc32-stream 55ms (cache revalidated)
npm http fetch GET 200 https://registry.npmjs.org/crc-32 49ms (cache revalidated)
npm http fetch GET 200 https://registry.npmjs.org/buffer-alloc-unsafe 67ms (cache revalidated)
npm http fetch GET 200 https://registry.npmjs.org/buffer-fill 68ms (cache revalidated)
npm http fetch GET 200 https://registry.npmjs.org/p-try 51ms (cache revalidated)
npm http fetch POST 200 https://registry.npmjs.org/-/npm/v1/security/advisories/bulk 283ms
npm WARN deprecated har-validator@5.1.5: this library is no longer supported
npm WARN deprecated uuid@3.4.0: Please upgrade  to version 7 or higher.  Older versions may use Math.random() in certain circumstances, which is known to be problematic.  See https://v8.dev/blog/math-random for details.
npm WARN deprecated request@2.88.2: request has been deprecated, see https://github.com/request/request/issues/3142
npm info run cypress@13.6.1 postinstall node_modules/cypress node index.js --exec install
npm info run cypress@13.6.1 postinstall { code: 0, signal: null }

added 450 packages, and audited 451 packages in 11s

66 packages are looking for funding
  run `npm fund` for details

7 moderate severity vulnerabilities

To address all issues (including breaking changes), run:
  npm audit fix --force

Run `npm audit` for details.
npm verb exit 0
npm info ok 
